  main.cpp
c:\users\владимир\documents\visual studio 2013\projects\panzerdota\panzerdota\functions.h(30): warning C4244: аргумент: преобразование "int" в "float", возможна потеря данных
c:\users\владимир\documents\visual studio 2013\projects\panzerdota\panzerdota\functions.h(31): warning C4244: аргумент: преобразование "int" в "float", возможна потеря данных
c:\users\владимир\documents\visual studio 2013\projects\panzerdota\panzerdota\functions.h(130): warning C4244: аргумент: преобразование "double" в "int", возможна потеря данных
c:\users\владимир\documents\visual studio 2013\projects\panzerdota\panzerdota\functions.h(134): warning C4244: =: преобразование "double" в "float", возможна потеря данных
c:\users\владимир\documents\visual studio 2013\projects\panzerdota\panzerdota\functions.h(135): warning C4244: =: преобразование "double" в "float", возможна потеря данных
c:\users\владимир\documents\visual studio 2013\projects\panzerdota\panzerdota\functions.h(137): warning C4244: +=: преобразование "double" в "float", возможна потеря данных
c:\users\владимир\documents\visual studio 2013\projects\panzerdota\panzerdota\functions.h(138): warning C4244: +=: преобразование "double" в "float", возможна потеря данных
c:\users\владимир\documents\visual studio 2013\projects\panzerdota\panzerdota\functions.h(148): warning C4244: аргумент: преобразование "int" в "float", возможна потеря данных
c:\users\владимир\documents\visual studio 2013\projects\panzerdota\panzerdota\functions.h(155): warning C4244: аргумент: преобразование "int" в "float", возможна потеря данных
c:\users\владимир\documents\visual studio 2013\projects\panzerdota\panzerdota\stens.h(59): warning C4244: аргумент: преобразование "int" в "float", возможна потеря данных
c:\users\владимир\documents\visual studio 2013\projects\panzerdota\panzerdota\stens.h(65): warning C4244: аргумент: преобразование "int" в "float", возможна потеря данных
c:\users\владимир\documents\visual studio 2013\projects\panzerdota\panzerdota\poiskputi.h(55): warning C4018: <: несоответствие типов со знаком и без знака
c:\users\владимир\documents\visual studio 2013\projects\panzerdota\panzerdota\poiskputi.h(96): warning C4018: <: несоответствие типов со знаком и без знака
c:\users\владимир\documents\visual studio 2013\projects\panzerdota\panzerdota\poiskputi.h(100): warning C4244: аргумент: преобразование "int" в "float", возможна потеря данных
c:\users\владимир\documents\visual studio 2013\projects\panzerdota\panzerdota\poiskputi.h(112): warning C4018: <: несоответствие типов со знаком и без знака
c:\users\владимир\documents\visual studio 2013\projects\panzerdota\panzerdota\poiskputi.h(116): warning C4244: аргумент: преобразование "int" в "float", возможна потеря данных
c:\users\владимир\documents\visual studio 2013\projects\panzerdota\panzerdota\poiskputi.h(118): warning C4244: аргумент: преобразование "float" в "int", возможна потеря данных
c:\users\владимир\documents\visual studio 2013\projects\panzerdota\panzerdota\poiskputi.h(121): warning C4018: <: несоответствие типов со знаком и без знака
c:\users\владимир\documents\visual studio 2013\projects\panzerdota\panzerdota\poiskputi.h(125): warning C4244: аргумент: преобразование "int" в "float", возможна потеря данных
c:\users\владимир\documents\visual studio 2013\projects\panzerdota\panzerdota\poiskputi.h(127): warning C4244: аргумент: преобразование "float" в "int", возможна потеря данных
c:\users\владимир\documents\visual studio 2013\projects\panzerdota\panzerdota\poiskputi.h(139): warning C4018: <: несоответствие типов со знаком и без знака
c:\users\владимир\documents\visual studio 2013\projects\panzerdota\panzerdota\poiskputi.h(143): warning C4244: аргумент: преобразование "int" в "float", возможна потеря данных
c:\users\владимир\documents\visual studio 2013\projects\panzerdota\panzerdota\poiskputi.h(147): warning C4018: <: несоответствие типов со знаком и без знака
c:\users\владимир\documents\visual studio 2013\projects\panzerdota\panzerdota\poiskputi.h(151): warning C4244: аргумент: преобразование "int" в "float", возможна потеря данных
c:\users\владимир\documents\visual studio 2013\projects\panzerdota\panzerdota\poiskputi.h(155): warning C4018: <: несоответствие типов со знаком и без знака
c:\users\владимир\documents\visual studio 2013\projects\panzerdota\panzerdota\poiskputi.h(159): warning C4244: аргумент: преобразование "int" в "float", возможна потеря данных
c:\users\владимир\documents\visual studio 2013\projects\panzerdota\panzerdota\poiskputi.h(167): warning C4244: аргумент: преобразование "int" в "float", возможна потеря данных
c:\users\владимир\documents\visual studio 2013\projects\panzerdota\panzerdota\poiskputi.h(188): warning C4244: =: преобразование "int" в "float", возможна потеря данных
c:\users\владимир\documents\visual studio 2013\projects\panzerdota\panzerdota\poiskputi.h(189): warning C4244: =: преобразование "int" в "float", возможна потеря данных
c:\users\владимир\documents\visual studio 2013\projects\panzerdota\panzerdota\poiskputi.h(196): warning C4018: <: несоответствие типов со знаком и без знака
c:\users\владимир\documents\visual studio 2013\projects\panzerdota\panzerdota\poiskputi.h(200): warning C4018: <: несоответствие типов со знаком и без знака
c:\users\владимир\documents\visual studio 2013\projects\panzerdota\panzerdota\poiskputi.h(208): warning C4018: <: несоответствие типов со знаком и без знака
c:\users\владимир\documents\visual studio 2013\projects\panzerdota\panzerdota\poiskputi.h(216): warning C4018: <: несоответствие типов со знаком и без знака
c:\users\владимир\documents\visual studio 2013\projects\panzerdota\panzerdota\poiskputi.h(224): warning C4018: <: несоответствие типов со знаком и без знака
c:\users\владимир\documents\visual studio 2013\projects\panzerdota\panzerdota\poiskputi.h(232): warning C4018: <: несоответствие типов со знаком и без знака
c:\users\владимир\documents\visual studio 2013\projects\panzerdota\panzerdota\poiskputi.h(240): warning C4018: <: несоответствие типов со знаком и без знака
c:\users\владимир\documents\visual studio 2013\projects\panzerdota\panzerdota\poiskputi.h(296): warning C4018: <: несоответствие типов со знаком и без знака
c:\users\владимир\documents\visual studio 2013\projects\panzerdota\panzerdota\poiskputi.h(362): warning C4018: <: несоответствие типов со знаком и без знака
c:\users\владимир\documents\visual studio 2013\projects\panzerdota\panzerdota\poiskputi.h(457): warning C4018: <: несоответствие типов со знаком и без знака
c:\users\владимир\documents\visual studio 2013\projects\panzerdota\panzerdota\panzer.h(58): warning C4244: =: преобразование "int" в "float", возможна потеря данных
c:\users\владимир\documents\visual studio 2013\projects\panzerdota\panzerdota\panzer.h(59): warning C4244: =: преобразование "int" в "float", возможна потеря данных
c:\users\владимир\documents\visual studio 2013\projects\panzerdota\panzerdota\panzer.h(114): warning C4244: =: преобразование "double" в "float", возможна потеря данных
c:\users\владимир\documents\visual studio 2013\projects\panzerdota\panzerdota\panzer.h(115): warning C4244: =: преобразование "double" в "float", возможна потеря данных
c:\users\владимир\documents\visual studio 2013\projects\panzerdota\panzerdota\panzer.h(116): warning C4244: =: преобразование "double" в "float", возможна потеря данных
c:\users\владимир\documents\visual studio 2013\projects\panzerdota\panzerdota\panzer.h(117): warning C4244: =: преобразование "double" в "float", возможна потеря данных
c:\users\владимир\documents\visual studio 2013\projects\panzerdota\panzerdota\panzer.h(118): warning C4244: аргумент: преобразование "double" в "float", возможна потеря данных
c:\users\владимир\documents\visual studio 2013\projects\panzerdota\panzerdota\panzer.h(128): warning C4244: =: преобразование "double" в "float", возможна потеря данных
c:\users\владимир\documents\visual studio 2013\projects\panzerdota\panzerdota\panzer.h(129): warning C4244: =: преобразование "double" в "float", возможна потеря данных
c:\users\владимир\documents\visual studio 2013\projects\panzerdota\panzerdota\panzer.h(134): warning C4244: аргумент: преобразование "float" в "int", возможна потеря данных
c:\users\владимир\documents\visual studio 2013\projects\panzerdota\panzerdota\panzer.h(136): warning C4244: аргумент: преобразование "float" в "int", возможна потеря данных
c:\users\владимир\documents\visual studio 2013\projects\panzerdota\panzerdota\panzer.h(138): warning C4244: =: преобразование "int" в "float", возможна потеря данных
c:\users\владимир\documents\visual studio 2013\projects\panzerdota\panzerdota\panzer.h(147): warning C4244: =: преобразование "int" в "float", возможна потеря данных
c:\users\владимир\documents\visual studio 2013\projects\panzerdota\panzerdota\panzer.h(152): warning C4244: =: преобразование "int" в "float", возможна потеря данных
c:\users\владимир\documents\visual studio 2013\projects\panzerdota\panzerdota\panzer.h(153): warning C4244: =: преобразование "int" в "float", возможна потеря данных
c:\users\владимир\documents\visual studio 2013\projects\panzerdota\panzerdota\panzer.h(158): warning C4018: <: несоответствие типов со знаком и без знака
c:\users\владимир\documents\visual studio 2013\projects\panzerdota\panzerdota\panzer.h(169): warning C4018: <: несоответствие типов со знаком и без знака
c:\users\владимир\documents\visual studio 2013\projects\panzerdota\panzerdota\panzer.h(180): warning C4018: <: несоответствие типов со знаком и без знака
c:\users\владимир\documents\visual studio 2013\projects\panzerdota\panzerdota\panzer.h(205): warning C4244: =: преобразование "float" в "int", возможна потеря данных
c:\users\владимир\documents\visual studio 2013\projects\panzerdota\panzerdota\panzer.h(206): warning C4244: =: преобразование "float" в "int", возможна потеря данных
c:\users\владимир\documents\visual studio 2013\projects\panzerdota\panzerdota\panzer.h(309): warning C4018: <: несоответствие типов со знаком и без знака
c:\users\владимир\documents\visual studio 2013\projects\panzerdota\panzerdota\panzer.h(489): warning C4244: инициализация: преобразование "float" в "int", возможна потеря данных
c:\users\владимир\documents\visual studio 2013\projects\panzerdota\panzerdota\panzer.h(490): warning C4244: инициализация: преобразование "float" в "int", возможна потеря данных
c:\users\владимир\documents\visual studio 2013\projects\panzerdota\panzerdota\panzer.h(550): warning C4018: <: несоответствие типов со знаком и без знака
c:\users\владимир\documents\visual studio 2013\projects\panzerdota\panzerdota\panzer.h(614): warning C4244: аргумент: преобразование "float" в "int", возможна потеря данных
c:\users\владимир\documents\visual studio 2013\projects\panzerdota\panzerdota\panzer.h(615): warning C4244: =: преобразование "double" в "float", возможна потеря данных
c:\users\владимир\documents\visual studio 2013\projects\panzerdota\panzerdota\panzer.h(622): warning C4244: аргумент: преобразование "float" в "int", возможна потеря данных
c:\users\владимир\documents\visual studio 2013\projects\panzerdota\panzerdota\panzer.h(638): warning C4244: аргумент: преобразование "float" в "int", возможна потеря данных
c:\users\владимир\documents\visual studio 2013\projects\panzerdota\panzerdota\panzer.h(680): warning C4244: аргумент: преобразование "int" в "float", возможна потеря данных
c:\users\владимир\documents\visual studio 2013\projects\panzerdota\panzerdota\panzer.h(696): warning C4018: <: несоответствие типов со знаком и без знака
c:\users\владимир\documents\visual studio 2013\projects\panzerdota\panzerdota\panzer.h(701): warning C4244: аргумент: преобразование "int" в "float", возможна потеря данных
c:\users\владимир\documents\visual studio 2013\projects\panzerdota\panzerdota\panzer.h(711): warning C4244: аргумент: преобразование "float" в "int", возможна потеря данных
c:\users\владимир\documents\visual studio 2013\projects\panzerdota\panzerdota\main.cpp(62): warning C4018: <: несоответствие типов со знаком и без знака
c:\users\владимир\documents\visual studio 2013\projects\panzerdota\panzerdota\main.cpp(64): warning C4244: =: преобразование "float" в "int", возможна потеря данных
c:\users\владимир\documents\visual studio 2013\projects\panzerdota\panzerdota\main.cpp(65): warning C4244: =: преобразование "float" в "int", возможна потеря данных
c:\users\владимир\documents\visual studio 2013\projects\panzerdota\panzerdota\main.cpp(76): warning C4018: <: несоответствие типов со знаком и без знака
c:\users\владимир\documents\visual studio 2013\projects\panzerdota\panzerdota\main.cpp(82): warning C4018: <: несоответствие типов со знаком и без знака
c:\users\владимир\documents\visual studio 2013\projects\panzerdota\panzerdota\main.cpp(94): warning C4018: <: несоответствие типов со знаком и без знака
c:\users\владимир\documents\visual studio 2013\projects\panzerdota\panzerdota\main.cpp(103): warning C4244: аргумент: преобразование "float" в "int", возможна потеря данных
c:\users\владимир\documents\visual studio 2013\projects\panzerdota\panzerdota\main.cpp(104): warning C4018: <: несоответствие типов со знаком и без знака
c:\users\владимир\documents\visual studio 2013\projects\panzerdota\panzerdota\main.cpp(112): warning C4018: <: несоответствие типов со знаком и без знака
c:\users\владимир\documents\visual studio 2013\projects\panzerdota\panzerdota\functions.h(122): warning C4715: MovingToAngle: значение возвращается не при всех путях выполнения
c:\users\владимир\documents\visual studio 2013\projects\panzerdota\panzerdota\stens.h(117): warning C4715: Stens::NumInStens: значение возвращается не при всех путях выполнения
  PanzerDota.vcxproj -> C:\Users\Владимир\Documents\Visual Studio 2013\Projects\PanzerDota\Debug\PanzerDota.exe
